<?xml version="1.0" encoding="UTF-8"?>
<!-- Generated by org.testng.reporters.JUnitXMLReporter -->
<testsuite ignored="0" hostname="Gopi.local" failures="0" tests="3" name="Default test" time="41.533" errors="0" timestamp="2022-05-19T12:16:45 AEST">
  <testcase classname="testngprogrammes.GoogleSearchTestNG" name="searchTest" time="5.394"/>
  <testcase classname="testngprogrammes.GoogleSearchTestNG" name="searchTest" time="9.701"/>
  <testcase classname="testngprogrammes.GoogleSearchTestNG" name="searchTest" time="5.872"/>
</testsuite> <!-- Default test -->
