<?xml version="1.0" encoding="UTF-8"?>
<!-- Generated by org.testng.reporters.JUnitXMLReporter -->
<testsuite ignored="0" hostname="Gopis-MacBook-Pro-2.local" failures="0" tests="3" name="firefoxBrowserTest" time="15.01" errors="0" timestamp="2022-04-27T20:21:41 AEST">
  <testcase classname="testngprogrammes.DependsOnMethodsAndparametersTest" name="linkedinHomePageTest" time="2.24"/>
  <testcase classname="testngprogrammes.DependsOnMethodsAndparametersTest" name="doLoginTest" time="8.259"/>
  <testcase classname="testngprogrammes.DependsOnMethodsAndparametersTest" name="doLogoutTest" time="0.552"/>
</testsuite> <!-- firefoxBrowserTest -->
