<?xml version="1.0" encoding="UTF-8"?>
<!-- Generated by org.testng.reporters.JUnitXMLReporter -->
<testsuite ignored="0" hostname="Gopis-MacBook-Pro-2.local" failures="0" tests="3" name="firefoxBrowserTest" time="18.401" errors="0" timestamp="2022-04-27T13:03:36 AEST">
  <testcase classname="testngprogrammes.DependsOnMethodsAndparametersTest" name="linkedinHomePageTest" time="2.415"/>
  <testcase classname="testngprogrammes.DependsOnMethodsAndparametersTest" name="doLoginTest" time="8.796"/>
  <testcase classname="testngprogrammes.DependsOnMethodsAndparametersTest" name="doLogoutTest" time="0.66"/>
</testsuite> <!-- firefoxBrowserTest -->
